<?xml version="1.0" encoding="UTF-8"?>
<!-- Generated by org.testng.reporters.JUnitReportReporter -->
<testsuite hostname="Harikrishna" failures="0" tests="1" name="driverFactory.DriverScript" time="0.000" errors="0" timestamp="2024-07-17T12:31:01 IST" skipped="1">
  <testcase classname="driverFactory.DriverScript" name="startTest" time="0.000">
    <skipped/>
  </testcase> <!-- startTest -->
  <system-out/>
</testsuite> <!-- driverFactory.DriverScript -->
